2025-12-01 04:27:23,762 INFO o.a.j.u.JMeterUtils: Setting Locale to en_EN
2025-12-01 04:27:23,789 INFO o.a.j.JMeter: Loading user properties from: D:\programs\apache-jmeter-5.6.3\bin\user.properties
2025-12-01 04:27:23,790 INFO o.a.j.JMeter: Loading system properties from: D:\programs\apache-jmeter-5.6.3\bin\system.properties
2025-12-01 04:27:23,797 INFO o.a.j.JMeter: Copyright (c) 1998-2024 The Apache Software Foundation
2025-12-01 04:27:23,797 INFO o.a.j.JMeter: Version 5.6.3
2025-12-01 04:27:23,797 INFO o.a.j.JMeter: java.version=17.0.15
2025-12-01 04:27:23,797 INFO o.a.j.JMeter: java.vm.name=OpenJDK 64-Bit Server VM
2025-12-01 04:27:23,797 INFO o.a.j.JMeter: os.name=Windows 11
2025-12-01 04:27:23,797 INFO o.a.j.JMeter: os.arch=amd64
2025-12-01 04:27:23,797 INFO o.a.j.JMeter: os.version=10.0
2025-12-01 04:27:23,797 INFO o.a.j.JMeter: file.encoding=Cp1251
2025-12-01 04:27:23,797 INFO o.a.j.JMeter: java.awt.headless=null
2025-12-01 04:27:23,797 INFO o.a.j.JMeter: Max memory     =1073741824
2025-12-01 04:27:23,797 INFO o.a.j.JMeter: Available Processors =8
2025-12-01 04:27:23,809 INFO o.a.j.JMeter: Default Locale=English (EN)
2025-12-01 04:27:23,809 INFO o.a.j.JMeter: JMeter  Locale=English (EN)
2025-12-01 04:27:23,809 INFO o.a.j.JMeter: JMeterHome=D:\programs\apache-jmeter-5.6.3
2025-12-01 04:27:23,809 INFO o.a.j.JMeter: user.dir  =D:\study\is-lab\is-lab-1\BandManager
2025-12-01 04:27:23,809 INFO o.a.j.JMeter: PWD       =D:\study\is-lab\is-lab-1\BandManager
2025-12-01 04:27:23,811 INFO o.a.j.JMeter: IP: 192.168.31.31 Name: mryrt FullName: mryrt
2025-12-01 04:27:23,827 INFO o.a.j.JMeter: Loaded icon properties from org/apache/jmeter/images/icon.properties
2025-12-01 04:27:24,041 INFO o.a.j.JMeterGuiLauncher: Setting LAF to: com.github.weisj.darklaf.DarkLaf:com.github.weisj.darklaf.theme.DarculaTheme
